<?xml version="1.0" encoding="UTF-8"?>
<!-- Generated by org.testng.reporters.JUnitReportReporter -->
<testsuite hostname="MAVBCP1172" failures="0" tests="1" name="Step.com.Ex6b" time="20.640" errors="0" timestamp="2021-02-15T19:01:33 IST" skipped="0">
  <testcase classname="Step.com.Ex6b" name="guru99tutorials" time="20.640"/>
  <system-out/>
</testsuite> <!-- Step.com.Ex6b -->
